<?xml version="1.0" encoding="UTF-8"?>
<testsuite name="com.ceshiren.GradleTwoTest" tests="1" skipped="0" failures="0" errors="0" timestamp="2022-11-22T03:56:49" hostname="3c22fbe41d21" time="0.001">
  <properties/>
  <testcase name="second()" classname="com.ceshiren.GradleTwoTest" time="0.001"/>
  <system-out><![CDATA[GradleTwoTest这是第2个测试用例
]]></system-out>
  <system-err><![CDATA[]]></system-err>
</testsuite>
